[     466ms] [ERROR] Access to fetch at 'https://junkstore-firebase-cache.your-subdomain.workers.dev/collection/testimonials' from origin 'http://localhost:4000' has been blocked by CORS policy: No 'Access-Control-Allow-Origin' header is present on the requested resource. @ http://localhost:4000/:0
[     467ms] [ERROR] Failed to load resource: net::ERR_FAILED @ https://junkstore-firebase-cache.your-subdomain.workers.dev/collection/testimonials:0
[     467ms] [ERROR] [Cache] Error fetching testimonials: TypeError: Failed to fetch
    at fetchCachedCollection (http://localhost:4000/assets/js/firebase-cache-client.js:42:28)
    at loadTestimonials (http://localhost:4000/assets/js/firebase-testimonials.js:24:35)
    at http://localhost:4000/assets/js/firebase-testimonials.js:65:3 @ http://localhost:4000/assets/js/firebase-cache-client.js:73
[     467ms] [ERROR] Error loading testimonials from Firebase: TypeError: Failed to fetch
    at fetchCachedCollection (http://localhost:4000/assets/js/firebase-cache-client.js:42:28)
    at loadTestimonials (http://localhost:4000/assets/js/firebase-testimonials.js:24:35)
    at http://localhost:4000/assets/js/firebase-testimonials.js:65:3 @ http://localhost:4000/assets/js/firebase-testimonials.js:61
[     468ms] [ERROR] Access to fetch at 'https://junkstore-firebase-cache.your-subdomain.workers.dev/collection/metadata/uptime' from origin 'http://localhost:4000' has been blocked by CORS policy: No 'Access-Control-Allow-Origin' header is present on the requested resource. @ http://localhost:4000/:0
[     468ms] [ERROR] Failed to load resource: net::ERR_FAILED @ https://junkstore-firebase-cache.your-subdomain.workers.dev/collection/metadata/uptime:0
[     468ms] [ERROR] [Cache] Error fetching metadata/uptime: TypeError: Failed to fetch
    at fetchCachedDocument (http://localhost:4000/assets/js/firebase-cache-client.js:103:28)
    at loadUptime (http://localhost:4000/assets/js/firebase-uptime.js:15:31)
    at http://localhost:4000/assets/js/firebase-uptime.js:120:3 @ http://localhost:4000/assets/js/firebase-cache-client.js:134
[     468ms] [ERROR] Error loading uptime: TypeError: Failed to fetch
    at fetchCachedDocument (http://localhost:4000/assets/js/firebase-cache-client.js:103:28)
    at loadUptime (http://localhost:4000/assets/js/firebase-uptime.js:15:31)
    at http://localhost:4000/assets/js/firebase-uptime.js:120:3 @ http://localhost:4000/assets/js/firebase-uptime.js:117
[     468ms] [ERROR] Access to fetch at 'https://junkstore-firebase-cache.your-subdomain.workers.dev/collection/pricing/config' from origin 'http://localhost:4000' has been blocked by CORS policy: No 'Access-Control-Allow-Origin' header is present on the requested resource. @ http://localhost:4000/:0
[     469ms] [ERROR] Failed to load resource: net::ERR_FAILED @ https://junkstore-firebase-cache.your-subdomain.workers.dev/collection/pricing/config:0
[     469ms] [ERROR] [Cache] Error fetching pricing/config: TypeError: Failed to fetch
    at fetchCachedDocument (http://localhost:4000/assets/js/firebase-cache-client.js:103:28)
    at loadPricing (http://localhost:4000/assets/js/firebase-pricing.js:34:34)
    at http://localhost:4000/assets/js/firebase-pricing.js:193:3 @ http://localhost:4000/assets/js/firebase-cache-client.js:134
[     469ms] [ERROR] Error loading pricing: TypeError: Failed to fetch
    at fetchCachedDocument (http://localhost:4000/assets/js/firebase-cache-client.js:103:28)
    at loadPricing (http://localhost:4000/assets/js/firebase-pricing.js:34:34)
    at http://localhost:4000/assets/js/firebase-pricing.js:193:3 @ http://localhost:4000/assets/js/firebase-pricing.js:190
